# JRE version: OpenJDK Runtime Environment (7.0_75-b13) (build 1.7.0_75-b13)
# Java VM: OpenJDK 64-Bit Server VM (24.75-b04 mixed mode linux-amd64 compressed oops)
Heap
 PSYoungGen      total 452608K, used 434839K [0x00000000e1680000, 0x0000000100000000, 0x0000000100000000)
  eden space 406016K, 100% used [0x00000000e1680000,0x00000000fa300000,0x00000000fa300000)
  from space 46592K, 61% used [0x00000000fa300000,0x00000000fbf25e48,0x00000000fd080000)
  to   space 47104K, 0% used [0x00000000fd200000,0x00000000fd200000,0x0000000100000000)
 ParOldGen       total 214016K, used 134761K [0x00000000a4400000, 0x00000000b1500000, 0x00000000e1680000)
  object space 214016K, 62% used [0x00000000a4400000,0x00000000ac79a508,0x00000000b1500000)
 PSPermGen       total 25600K, used 11332K [0x0000000099e00000, 0x000000009b700000, 0x00000000a4400000)
  object space 25600K, 44% used [0x0000000099e00000,0x000000009a911178,0x000000009b700000)
GC Heap History (10 events):
Event: 37,648 GC heap before
{Heap before GC invocations=15 (full 1):
 PSYoungGen      total 452096K, used 452094K [0x00000000e1680000, 0x00000000ffd00000, 0x0000000100000000)
  eden space 425472K, 100% used [0x00000000e1680000,0x00000000fb600000,0x00000000fb600000)
  from space 26624K, 99% used [0x00000000fc800000,0x00000000fe1ff8f8,0x00000000fe200000)
  to   space 27648K, 0% used [0x00000000fe200000,0x00000000fe200000,0x00000000ffd00000)
 ParOldGen       total 117760K, used 81993K [0x00000000a4400000, 0x00000000ab700000, 0x00000000e1680000)
  object space 117760K, 69% used [0x00000000a4400000,0x00000000a9412488,0x00000000ab700000)
 PSPermGen       total 23040K, used 11305K [0x0000000099e00000, 0x000000009b480000, 0x00000000a4400000)
  object space 23040K, 49% used [0x0000000099e00000,0x000000009a90a6c8,0x000000009b480000)
Event: 37,679 GC heap after
Heap after GC invocations=15 (full 1):
 PSYoungGen      total 432640K, used 27645K [0x00000000e1680000, 0x0000000100000000, 0x0000000100000000)
  eden space 404992K, 0% used [0x00000000e1680000,0x00000000e1680000,0x00000000fa200000)
  from space 27648K, 99% used [0x00000000fe200000,0x00000000ffcff568,0x00000000ffd00000)
  to   space 48128K, 0% used [0x00000000fa200000,0x00000000fa200000,0x00000000fd100000)
 ParOldGen       total 117760K, used 107721K [0x00000000a4400000, 0x00000000ab700000, 0x00000000e1680000)
  object space 117760K, 91% used [0x00000000a4400000,0x00000000aad32488,0x00000000ab700000)
 PSPermGen       total 23040K, used 11305K [0x0000000099e00000, 0x000000009b480000, 0x00000000a4400000)
  object space 23040K, 49% used [0x0000000099e00000,0x000000009a90a6c8,0x000000009b480000)
}
Event: 37,923 GC heap before
{Heap before GC invocations=16 (full 2):
 PSYoungGen      total 432640K, used 27645K [0x00000000e1680000, 0x0000000100000000, 0x0000000100000000)
  eden space 404992K, 0% used [0x00000000e1680000,0x00000000e1680000,0x00000000fa200000)
  from space 27648K, 99% used [0x00000000fe200000,0x00000000ffcff568,0x00000000ffd00000)
  to   space 48128K, 0% used [0x00000000fa200000,0x00000000fa200000,0x00000000fd100000)
 ParOldGen       total 117760K, used 107721K [0x00000000a4400000, 0x00000000ab700000, 0x00000000e1680000)
  object space 117760K, 91% used [0x00000000a4400000,0x00000000aad32488,0x00000000ab700000)
 PSPermGen       total 23040K, used 11305K [0x0000000099e00000, 0x000000009b480000, 0x00000000a4400000)
  object space 23040K, 49% used [0x0000000099e00000,0x000000009a90a6c8,0x000000009b480000)
Event: 39,334 GC heap after
Heap after GC invocations=16 (full 2):
 PSYoungGen      total 432640K, used 17372K [0x00000000e1680000, 0x0000000100000000, 0x0000000100000000)
  eden space 404992K, 0% used [0x00000000e1680000,0x00000000e1680000,0x00000000fa200000)
  from space 27648K, 62% used [0x00000000fe200000,0x00000000ff2f7148,0x00000000ffd00000)
  to   space 48128K, 0% used [0x00000000fa200000,0x00000000fa200000,0x00000000fd100000)
 ParOldGen       total 214016K, used 117321K [0x00000000a4400000, 0x00000000b1500000, 0x00000000e1680000)
  object space 214016K, 54% used [0x00000000a4400000,0x00000000ab692508,0x00000000b1500000)
 PSPermGen       total 25600K, used 11305K [0x0000000099e00000, 0x000000009b700000, 0x00000000a4400000)
  object space 25600K, 44% used [0x0000000099e00000,0x000000009a90a6c8,0x000000009b700000)
}
Event: 60,806 GC heap before
{Heap before GC invocations=17 (full 2):
 PSYoungGen      total 432640K, used 422364K [0x00000000e1680000, 0x0000000100000000, 0x0000000100000000)
  eden space 404992K, 100% used [0x00000000e1680000,0x00000000fa200000,0x00000000fa200000)
  from space 27648K, 62% used [0x00000000fe200000,0x00000000ff2f7148,0x00000000ffd00000)
  to   space 48128K, 0% used [0x00000000fa200000,0x00000000fa200000,0x00000000fd100000)
 ParOldGen       total 214016K, used 117321K [0x00000000a4400000, 0x00000000b1500000, 0x00000000e1680000)
  object space 214016K, 54% used [0x00000000a4400000,0x00000000ab692508,0x00000000b1500000)
 PSPermGen       total 25600K, used 11318K [0x0000000099e00000, 0x000000009b700000, 0x00000000a4400000)
  object space 25600K, 44% used [0x0000000099e00000,0x000000009a90d810,0x000000009b700000)
Event: 60,859 GC heap after
Heap after GC invocations=17 (full 2):
 PSYoungGen      total 453120K, used 25324K [0x00000000e1680000, 0x0000000100000000, 0x0000000100000000)
  eden space 404992K, 0% used [0x00000000e1680000,0x00000000e1680000,0x00000000fa200000)
  from space 48128K, 52% used [0x00000000fa200000,0x00000000fbabb010,0x00000000fd100000)
  to   space 47104K, 0% used [0x00000000fd200000,0x00000000fd200000,0x0000000100000000)
 ParOldGen       total 214016K, used 134761K [0x00000000a4400000, 0x00000000b1500000, 0x00000000e1680000)
  object space 214016K, 62% used [0x00000000a4400000,0x00000000ac79a508,0x00000000b1500000)
 PSPermGen       total 25600K, used 11318K [0x0000000099e00000, 0x000000009b700000, 0x00000000a4400000)
  object space 25600K, 44% used [0x0000000099e00000,0x000000009a90d810,0x000000009b700000)
}
Event: 61,373 GC heap before
{Heap before GC invocations=18 (full 2):
 PSYoungGen      total 453120K, used 430316K [0x00000000e1680000, 0x0000000100000000, 0x0000000100000000)
  eden space 404992K, 100% used [0x00000000e1680000,0x00000000fa200000,0x00000000fa200000)
  from space 48128K, 52% used [0x00000000fa200000,0x00000000fbabb010,0x00000000fd100000)
  to   space 47104K, 0% used [0x00000000fd200000,0x00000000fd200000,0x0000000100000000)
 ParOldGen       total 214016K, used 134761K [0x00000000a4400000, 0x00000000b1500000, 0x00000000e1680000)
  object space 214016K, 62% used [0x00000000a4400000,0x00000000ac79a508,0x00000000b1500000)
 PSPermGen       total 25600K, used 11321K [0x0000000099e00000, 0x000000009b700000, 0x00000000a4400000)
  object space 25600K, 44% used [0x0000000099e00000,0x000000009a90e470,0x000000009b700000)
Event: 61,388 GC heap after
Heap after GC invocations=18 (full 2):
 PSYoungGen      total 451072K, used 25388K [0x00000000e1680000, 0x00000000ffe00000, 0x0000000100000000)
  eden space 406016K, 0% used [0x00000000e1680000,0x00000000e1680000,0x00000000fa300000)
  from space 45056K, 56% used [0x00000000fd200000,0x00000000feacb010,0x00000000ffe00000)
  to   space 46592K, 0% used [0x00000000fa300000,0x00000000fa300000,0x00000000fd080000)
 ParOldGen       total 214016K, used 134761K [0x00000000a4400000, 0x00000000b1500000, 0x00000000e1680000)
  object space 214016K, 62% used [0x00000000a4400000,0x00000000ac79a508,0x00000000b1500000)
 PSPermGen       total 25600K, used 11321K [0x0000000099e00000, 0x000000009b700000, 0x00000000a4400000)
  object space 25600K, 44% used [0x0000000099e00000,0x000000009a90e470,0x000000009b700000)
}
Event: 63,014 GC heap before
{Heap before GC invocations=19 (full 2):
 PSYoungGen      total 451072K, used 431404K [0x00000000e1680000, 0x00000000ffe00000, 0x0000000100000000)
  eden space 406016K, 100% used [0x00000000e1680000,0x00000000fa300000,0x00000000fa300000)
  from space 45056K, 56% used [0x00000000fd200000,0x00000000feacb010,0x00000000ffe00000)
  to   space 46592K, 0% used [0x00000000fa300000,0x00000000fa300000,0x00000000fd080000)
 ParOldGen       total 214016K, used 134761K [0x00000000a4400000, 0x00000000b1500000, 0x00000000e1680000)
  object space 214016K, 62% used [0x00000000a4400000,0x00000000ac79a508,0x00000000b1500000)
 PSPermGen       total 25600K, used 11332K [0x0000000099e00000, 0x000000009b700000, 0x00000000a4400000)
  object space 25600K, 44% used [0x0000000099e00000,0x000000009a911098,0x000000009b700000)
Event: 63,036 GC heap after
Heap after GC invocations=19 (full 2):
 PSYoungGen      total 452608K, used 28823K [0x00000000e1680000, 0x0000000100000000, 0x0000000100000000)
  eden space 406016K, 0% used [0x00000000e1680000,0x00000000e1680000,0x00000000fa300000)
  from space 46592K, 61% used [0x00000000fa300000,0x00000000fbf25e48,0x00000000fd080000)
  to   space 47104K, 0% used [0x00000000fd200000,0x00000000fd200000,0x0000000100000000)
 ParOldGen       total 214016K, used 134761K [0x00000000a4400000, 0x00000000b1500000, 0x00000000e1680000)
  object space 214016K, 62% used [0x00000000a4400000,0x00000000ac79a508,0x00000000b1500000)
 PSPermGen       total 25600K, used 11332K [0x0000000099e00000, 0x000000009b700000, 0x00000000a4400000)
  object space 25600K, 44% used [0x0000000099e00000,0x000000009a911098,0x000000009b700000)
}

