# JRE version: OpenJDK Runtime Environment (7.0_75-b13) (build 1.7.0_75-b13)
# Java VM: OpenJDK 64-Bit Server VM (24.75-b04 mixed mode linux-amd64 compressed oops)
Heap
 PSYoungGen      total 146944K, used 146528K [0x00000000e1680000, 0x00000000fcc00000, 0x0000000100000000)
  eden space 146432K, 100% used [0x00000000e1680000,0x00000000ea580000,0x00000000ea580000)
  from space 512K, 18% used [0x00000000fcb80000,0x00000000fcb98000,0x00000000fcc00000)
  to   space 512K, 0% used [0x00000000fcb00000,0x00000000fcb00000,0x00000000fcb80000)
 ParOldGen       total 62464K, used 24718K [0x00000000a4400000, 0x00000000a8100000, 0x00000000e1680000)
  object space 62464K, 39% used [0x00000000a4400000,0x00000000a5c23a78,0x00000000a8100000)
 PSPermGen       total 21504K, used 11954K [0x0000000099e00000, 0x000000009b300000, 0x00000000a4400000)
  object space 21504K, 55% used [0x0000000099e00000,0x000000009a9acbe8,0x000000009b300000)
GC Heap History (10 events):
Event: 21,419 GC heap before
{Heap before GC invocations=56 (full 0):
 PSYoungGen      total 72704K, used 72320K [0x00000000e1680000, 0x00000000fcc00000, 0x0000000100000000)
  eden space 72192K, 100% used [0x00000000e1680000,0x00000000e5d00000,0x00000000e5d00000)
  from space 512K, 25% used [0x00000000fcb00000,0x00000000fcb20000,0x00000000fcb80000)
  to   space 512K, 0% used [0x00000000fcb80000,0x00000000fcb80000,0x00000000fcc00000)
 ParOldGen       total 62464K, used 24702K [0x00000000a4400000, 0x00000000a8100000, 0x00000000e1680000)
  object space 62464K, 39% used [0x00000000a4400000,0x00000000a5c1fa78,0x00000000a8100000)
 PSPermGen       total 21504K, used 11751K [0x0000000099e00000, 0x000000009b300000, 0x00000000a4400000)
  object space 21504K, 54% used [0x0000000099e00000,0x000000009a979d30,0x000000009b300000)
Event: 21,423 GC heap after
Heap after GC invocations=56 (full 0):
 PSYoungGen      total 88064K, used 96K [0x00000000e1680000, 0x00000000fcc00000, 0x0000000100000000)
  eden space 87552K, 0% used [0x00000000e1680000,0x00000000e1680000,0x00000000e6c00000)
  from space 512K, 18% used [0x00000000fcb80000,0x00000000fcb98000,0x00000000fcc00000)
  to   space 512K, 0% used [0x00000000fcb00000,0x00000000fcb00000,0x00000000fcb80000)
 ParOldGen       total 62464K, used 24702K [0x00000000a4400000, 0x00000000a8100000, 0x00000000e1680000)
  object space 62464K, 39% used [0x00000000a4400000,0x00000000a5c1fa78,0x00000000a8100000)
 PSPermGen       total 21504K, used 11751K [0x0000000099e00000, 0x000000009b300000, 0x00000000a4400000)
  object space 21504K, 54% used [0x0000000099e00000,0x000000009a979d30,0x000000009b300000)
}
Event: 21,582 GC heap before
{Heap before GC invocations=57 (full 0):
 PSYoungGen      total 88064K, used 87648K [0x00000000e1680000, 0x00000000fcc00000, 0x0000000100000000)
  eden space 87552K, 100% used [0x00000000e1680000,0x00000000e6c00000,0x00000000e6c00000)
  from space 512K, 18% used [0x00000000fcb80000,0x00000000fcb98000,0x00000000fcc00000)
  to   space 512K, 0% used [0x00000000fcb00000,0x00000000fcb00000,0x00000000fcb80000)
 ParOldGen       total 62464K, used 24702K [0x00000000a4400000, 0x00000000a8100000, 0x00000000e1680000)
  object space 62464K, 39% used [0x00000000a4400000,0x00000000a5c1fa78,0x00000000a8100000)
 PSPermGen       total 21504K, used 11751K [0x0000000099e00000, 0x000000009b300000, 0x00000000a4400000)
  object space 21504K, 54% used [0x0000000099e00000,0x000000009a979d50,0x000000009b300000)
Event: 21,584 GC heap after
Heap after GC invocations=57 (full 0):
 PSYoungGen      total 105984K, used 192K [0x00000000e1680000, 0x00000000fcc00000, 0x0000000100000000)
  eden space 105472K, 0% used [0x00000000e1680000,0x00000000e1680000,0x00000000e7d80000)
  from space 512K, 37% used [0x00000000fcb00000,0x00000000fcb30000,0x00000000fcb80000)
  to   space 512K, 0% used [0x00000000fcb80000,0x00000000fcb80000,0x00000000fcc00000)
 ParOldGen       total 62464K, used 24702K [0x00000000a4400000, 0x00000000a8100000, 0x00000000e1680000)
  object space 62464K, 39% used [0x00000000a4400000,0x00000000a5c1fa78,0x00000000a8100000)
 PSPermGen       total 21504K, used 11751K [0x0000000099e00000, 0x000000009b300000, 0x00000000a4400000)
  object space 21504K, 54% used [0x0000000099e00000,0x000000009a979d50,0x000000009b300000)
}
Event: 21,800 GC heap before
{Heap before GC invocations=58 (full 0):
 PSYoungGen      total 105984K, used 105664K [0x00000000e1680000, 0x00000000fcc00000, 0x0000000100000000)
  eden space 105472K, 100% used [0x00000000e1680000,0x00000000e7d80000,0x00000000e7d80000)
  from space 512K, 37% used [0x00000000fcb00000,0x00000000fcb30000,0x00000000fcb80000)
  to   space 512K, 0% used [0x00000000fcb80000,0x00000000fcb80000,0x00000000fcc00000)
 ParOldGen       total 62464K, used 24702K [0x00000000a4400000, 0x00000000a8100000, 0x00000000e1680000)
  object space 62464K, 39% used [0x00000000a4400000,0x00000000a5c1fa78,0x00000000a8100000)
 PSPermGen       total 21504K, used 11751K [0x0000000099e00000, 0x000000009b300000, 0x00000000a4400000)
  object space 21504K, 54% used [0x0000000099e00000,0x000000009a979fc8,0x000000009b300000)
Event: 21,801 GC heap after
Heap after GC invocations=58 (full 0):
 PSYoungGen      total 127488K, used 128K [0x00000000e1680000, 0x00000000fcc00000, 0x0000000100000000)
  eden space 126976K, 0% used [0x00000000e1680000,0x00000000e1680000,0x00000000e9280000)
  from space 512K, 25% used [0x00000000fcb80000,0x00000000fcba0000,0x00000000fcc00000)
  to   space 512K, 0% used [0x00000000fcb00000,0x00000000fcb00000,0x00000000fcb80000)
 ParOldGen       total 62464K, used 24702K [0x00000000a4400000, 0x00000000a8100000, 0x00000000e1680000)
  object space 62464K, 39% used [0x00000000a4400000,0x00000000a5c1fa78,0x00000000a8100000)
 PSPermGen       total 21504K, used 11751K [0x0000000099e00000, 0x000000009b300000, 0x00000000a4400000)
  object space 21504K, 54% used [0x0000000099e00000,0x000000009a979fc8,0x000000009b300000)
}
Event: 22,067 GC heap before
{Heap before GC invocations=59 (full 0):
 PSYoungGen      total 127488K, used 127104K [0x00000000e1680000, 0x00000000fcc00000, 0x0000000100000000)
  eden space 126976K, 100% used [0x00000000e1680000,0x00000000e9280000,0x00000000e9280000)
  from space 512K, 25% used [0x00000000fcb80000,0x00000000fcba0000,0x00000000fcc00000)
  to   space 512K, 0% used [0x00000000fcb00000,0x00000000fcb00000,0x00000000fcb80000)
 ParOldGen       total 62464K, used 24702K [0x00000000a4400000, 0x00000000a8100000, 0x00000000e1680000)
  object space 62464K, 39% used [0x00000000a4400000,0x00000000a5c1fa78,0x00000000a8100000)
 PSPermGen       total 21504K, used 11751K [0x0000000099e00000, 0x000000009b300000, 0x00000000a4400000)
  object space 21504K, 54% used [0x0000000099e00000,0x000000009a979fc8,0x000000009b300000)
Event: 22,069 GC heap after
Heap after GC invocations=59 (full 0):
 PSYoungGen      total 153088K, used 128K [0x00000000e1680000, 0x00000000fcc00000, 0x0000000100000000)
  eden space 152576K, 0% used [0x00000000e1680000,0x00000000e1680000,0x00000000eab80000)
  from space 512K, 25% used [0x00000000fcb00000,0x00000000fcb20000,0x00000000fcb80000)
  to   space 512K, 0% used [0x00000000fcb80000,0x00000000fcb80000,0x00000000fcc00000)
 ParOldGen       total 62464K, used 24718K [0x00000000a4400000, 0x00000000a8100000, 0x00000000e1680000)
  object space 62464K, 39% used [0x00000000a4400000,0x00000000a5c23a78,0x00000000a8100000)
 PSPermGen       total 21504K, used 11751K [0x0000000099e00000, 0x000000009b300000, 0x00000000a4400000)
  object space 21504K, 54% used [0x0000000099e00000,0x000000009a979fc8,0x000000009b300000)
}
Event: 22,396 GC heap before
{Heap before GC invocations=60 (full 0):
 PSYoungGen      total 153088K, used 152704K [0x00000000e1680000, 0x00000000fcc00000, 0x0000000100000000)
  eden space 152576K, 100% used [0x00000000e1680000,0x00000000eab80000,0x00000000eab80000)
  from space 512K, 25% used [0x00000000fcb00000,0x00000000fcb20000,0x00000000fcb80000)
  to   space 512K, 0% used [0x00000000fcb80000,0x00000000fcb80000,0x00000000fcc00000)
 ParOldGen       total 62464K, used 24718K [0x00000000a4400000, 0x00000000a8100000, 0x00000000e1680000)
  object space 62464K, 39% used [0x00000000a4400000,0x00000000a5c23a78,0x00000000a8100000)
 PSPermGen       total 21504K, used 11751K [0x0000000099e00000, 0x000000009b300000, 0x00000000a4400000)
  object space 21504K, 54% used [0x0000000099e00000,0x000000009a979fc8,0x000000009b300000)
Event: 22,397 GC heap after
Heap after GC invocations=60 (full 0):
 PSYoungGen      total 146944K, used 96K [0x00000000e1680000, 0x00000000fcc00000, 0x0000000100000000)
  eden space 146432K, 0% used [0x00000000e1680000,0x00000000e1680000,0x00000000ea580000)
  from space 512K, 18% used [0x00000000fcb80000,0x00000000fcb98000,0x00000000fcc00000)
  to   space 512K, 0% used [0x00000000fcb00000,0x00000000fcb00000,0x00000000fcb80000)
 ParOldGen       total 62464K, used 24718K [0x00000000a4400000, 0x00000000a8100000, 0x00000000e1680000)
  object space 62464K, 39% used [0x00000000a4400000,0x00000000a5c23a78,0x00000000a8100000)
 PSPermGen       total 21504K, used 11751K [0x0000000099e00000, 0x000000009b300000, 0x00000000a4400000)
  object space 21504K, 54% used [0x0000000099e00000,0x000000009a979fc8,0x000000009b300000)
}

